%(asctime)s : INFO : Test_HRM_AddEMP_002 : test_placeorder_01 : 14 : Opening the web browser
%(asctime)s : INFO : Test_HRM_AddEMP_002 : test_placeorder_01 : 15 : navigating and opening the given URL
%(asctime)s : INFO : Test_HRM_AddEMP_002 : test_placeorder_01 : 17 : Entering the username
%(asctime)s : INFO : Test_HRM_AddEMP_002 : test_placeorder_01 : 19 : Entering the password
%(asctime)s : INFO : Test_HRM_AddEMP_002 : test_placeorder_01 : 21 : clicking on login button
%(asctime)s : INFO : Test_HRM_AddEMP_002 : test_placeorder_01 : 24 : Clicking on PIM from list
%(asctime)s : INFO : Test_HRM_AddEMP_002 : test_placeorder_01 : 14 : Opening the web browser
%(asctime)s : INFO : Test_HRM_AddEMP_002 : test_placeorder_01 : 15 : navigating and opening the given URL
%(asctime)s : INFO : Test_HRM_AddEMP_002 : test_placeorder_01 : 17 : Entering the username
%(asctime)s : INFO : Test_HRM_AddEMP_002 : test_placeorder_01 : 19 : Entering the password
%(asctime)s : INFO : Test_HRM_AddEMP_002 : test_placeorder_01 : 21 : clicking on login button
%(asctime)s : INFO : Test_HRM_AddEMP_002 : test_placeorder_01 : 24 : Clicking on PIM from list
%(asctime)s : INFO : Test_HRM_AddEMP_002 : test_placeorder_01 : 14 : Opening the web browser
%(asctime)s : INFO : Test_HRM_AddEMP_002 : test_placeorder_01 : 15 : navigating and opening the given URL
%(asctime)s : INFO : Test_HRM_AddEMP_002 : test_placeorder_01 : 17 : Entering the username
%(asctime)s : INFO : Test_HRM_AddEMP_002 : test_placeorder_01 : 19 : Entering the password
%(asctime)s : INFO : Test_HRM_AddEMP_002 : test_placeorder_01 : 21 : clicking on login button
%(asctime)s : INFO : Test_HRM_AddEMP_002 : test_placeorder_01 : 24 : Clicking on PIM from list
%(asctime)s : INFO : Test_HRM_AddEMP_002 : test_placeorder_01 : 14 : Opening the web browser
%(asctime)s : INFO : Test_HRM_AddEMP_002 : test_placeorder_01 : 15 : navigating and opening the given URL
%(asctime)s : INFO : Test_HRM_AddEMP_002 : test_placeorder_01 : 17 : Entering the username
%(asctime)s : INFO : Test_HRM_AddEMP_002 : test_placeorder_01 : 19 : Entering the password
%(asctime)s : INFO : Test_HRM_AddEMP_002 : test_placeorder_01 : 21 : clicking on login button
%(asctime)s : INFO : Test_HRM_AddEMP_002 : test_placeorder_01 : 24 : Clicking on PIM from list
%(asctime)s : INFO : Test_HRM_AddEMP_002 : test_placeorder_01 : 14 : Opening the web browser
%(asctime)s : INFO : Test_HRM_AddEMP_002 : test_placeorder_01 : 15 : navigating and opening the given URL
%(asctime)s : INFO : Test_HRM_AddEMP_002 : test_placeorder_01 : 17 : Entering the username
%(asctime)s : INFO : Test_HRM_AddEMP_002 : test_placeorder_01 : 19 : Entering the password
%(asctime)s : INFO : Test_HRM_AddEMP_002 : test_placeorder_01 : 21 : clicking on login button
%(asctime)s : INFO : Test_HRM_AddEMP_002 : test_placeorder_01 : 24 : Clicking on PIM from list
%(asctime)s : INFO : Test_HRM_AddEMP_002 : test_placeorder_01 : 14 : Opening the web browser
%(asctime)s : INFO : Test_HRM_AddEMP_002 : test_placeorder_01 : 15 : navigating and opening the given URL
%(asctime)s : INFO : Test_HRM_AddEMP_002 : test_placeorder_01 : 17 : Entering the username
%(asctime)s : INFO : Test_HRM_AddEMP_002 : test_placeorder_01 : 19 : Entering the password
%(asctime)s : INFO : Test_HRM_AddEMP_002 : test_placeorder_01 : 21 : clicking on login button
%(asctime)s : INFO : Test_HRM_AddEMP_002 : test_placeorder_01 : 24 : Clicking on PIM from list
%(asctime)s : INFO : Test_HRM_AddEMP_002 : test_placeorder_01 : 14 : Opening the web browser
%(asctime)s : INFO : Test_HRM_AddEMP_002 : test_placeorder_01 : 15 : navigating and opening the given URL
%(asctime)s : INFO : Test_HRM_AddEMP_002 : test_placeorder_01 : 17 : Entering the username
%(asctime)s : INFO : Test_HRM_AddEMP_002 : test_placeorder_01 : 19 : Entering the password
%(asctime)s : INFO : Test_HRM_AddEMP_002 : test_placeorder_01 : 21 : clicking on login button
%(asctime)s : INFO : Test_HRM_AddEMP_002 : test_placeorder_01 : 24 : Clicking on PIM from list
%(asctime)s : INFO : Test_HRM_AddEMP_002 : test_placeorder_01 : 14 : Opening the web browser
%(asctime)s : INFO : Test_HRM_AddEMP_002 : test_placeorder_01 : 15 : navigating and opening the given URL
%(asctime)s : INFO : Test_HRM_AddEMP_002 : test_placeorder_01 : 17 : Entering the username
%(asctime)s : INFO : Test_HRM_AddEMP_002 : test_placeorder_01 : 19 : Entering the password
%(asctime)s : INFO : Test_HRM_AddEMP_002 : test_placeorder_01 : 21 : clicking on login button
%(asctime)s : INFO : Test_HRM_AddEMP_002 : test_placeorder_01 : 24 : Clicking on PIM from list
%(asctime)s : INFO : Test_HRM_AddEMP_002 : test_placeorder_01 : 16 : Opening the web browser
%(asctime)s : INFO : Test_HRM_AddEMP_002 : test_placeorder_01 : 17 : navigating and opening the given URL
%(asctime)s : INFO : Test_HRM_AddEMP_002 : test_placeorder_01 : 19 : Entering the username
%(asctime)s : INFO : Test_HRM_AddEMP_002 : test_placeorder_01 : 21 : Entering the password
%(asctime)s : INFO : Test_HRM_AddEMP_002 : test_placeorder_01 : 23 : clicking on login button
%(asctime)s : INFO : Test_HRM_AddEMP_002 : test_placeorder_01 : 27 : Clicking on PIM from list
%(asctime)s : INFO : Test_HRM_AddEMP_002 : test_placeorder_01 : 29 : clicking on add button
%(asctime)s : INFO : Test_HRM_AddEMP_002 : test_placeorder_01 : 16 : Opening the web browser
%(asctime)s : INFO : Test_HRM_AddEMP_002 : test_placeorder_01 : 17 : navigating and opening the given URL
%(asctime)s : INFO : Test_HRM_AddEMP_002 : test_placeorder_01 : 19 : Entering the username
%(asctime)s : INFO : Test_HRM_AddEMP_002 : test_placeorder_01 : 21 : Entering the password
%(asctime)s : INFO : Test_HRM_AddEMP_002 : test_placeorder_01 : 23 : clicking on login button
%(asctime)s : INFO : Test_HRM_AddEMP_002 : test_placeorder_01 : 27 : Clicking on PIM from list
%(asctime)s : INFO : Test_HRM_AddEMP_002 : test_placeorder_01 : 29 : clicking on add button
%(asctime)s : INFO : Test_HRM_AddEMP_002 : test_placeorder_01 : 31 : entering first middle last name in text box
%(asctime)s : INFO : Test_HRM_AddEMP_002 : test_placeorder_01 : 35 : clicking on save button
%(asctime)s : INFO : Test_HRM_AddEMP_002 : test_placeorder_01 : 16 : Opening the web browser
%(asctime)s : INFO : Test_HRM_AddEMP_002 : test_placeorder_01 : 17 : navigating and opening the given URL
%(asctime)s : INFO : Test_HRM_AddEMP_002 : test_placeorder_01 : 19 : Entering the username
%(asctime)s : INFO : Test_HRM_AddEMP_002 : test_placeorder_01 : 21 : Entering the password
%(asctime)s : INFO : Test_HRM_AddEMP_002 : test_placeorder_01 : 23 : clicking on login button
%(asctime)s : INFO : Test_HRM_AddEMP_002 : test_placeorder_01 : 27 : Clicking on PIM from list
%(asctime)s : INFO : Test_HRM_AddEMP_002 : test_placeorder_01 : 29 : clicking on add button
%(asctime)s : INFO : Test_HRM_AddEMP_002 : test_placeorder_01 : 31 : entering first middle last name in text box
%(asctime)s : INFO : Test_HRM_AddEMP_002 : test_placeorder_01 : 35 : clicking on save button
%(asctime)s : INFO : Test_HRM_AddEMP_002 : test_placeorder_01 : 37 : checking for emp add success
%(asctime)s : INFO : Test_HRM_AddEMP_002 : test_placeorder_01 : 16 : Opening the web browser
%(asctime)s : INFO : Test_HRM_AddEMP_002 : test_placeorder_01 : 17 : navigating and opening the given URL
%(asctime)s : INFO : Test_HRM_AddEMP_002 : test_placeorder_01 : 19 : Entering the username
%(asctime)s : INFO : Test_HRM_AddEMP_002 : test_placeorder_01 : 21 : Entering the password
%(asctime)s : INFO : Test_HRM_AddEMP_002 : test_placeorder_01 : 23 : clicking on login button
%(asctime)s : INFO : Test_HRM_AddEMP_002 : test_placeorder_01 : 27 : Clicking on PIM from list
%(asctime)s : INFO : Test_HRM_AddEMP_002 : test_placeorder_01 : 29 : clicking on add button
%(asctime)s : INFO : Test_HRM_AddEMP_002 : test_placeorder_01 : 31 : entering first middle last name in text box
%(asctime)s : INFO : Test_HRM_AddEMP_002 : test_placeorder_01 : 35 : clicking on save button
%(asctime)s : INFO : Test_HRM_AddEMP_002 : test_placeorder_01 : 37 : checking for emp add success
%(asctime)s : INFO : Test_HRM_AddEMP_002 : test_placeorder_01 : 16 : Opening the web browser
%(asctime)s : INFO : Test_HRM_AddEMP_002 : test_placeorder_01 : 17 : navigating and opening the given URL
%(asctime)s : INFO : Test_HRM_AddEMP_002 : test_placeorder_01 : 19 : Entering the username
%(asctime)s : INFO : Test_HRM_AddEMP_002 : test_placeorder_01 : 21 : Entering the password
%(asctime)s : INFO : Test_HRM_AddEMP_002 : test_placeorder_01 : 23 : clicking on login button
%(asctime)s : INFO : Test_HRM_AddEMP_002 : test_placeorder_01 : 27 : Clicking on PIM from list
%(asctime)s : INFO : Test_HRM_AddEMP_002 : test_placeorder_01 : 29 : clicking on add button
%(asctime)s : INFO : Test_HRM_AddEMP_002 : test_placeorder_01 : 31 : entering first middle last name in text box
%(asctime)s : INFO : Test_HRM_AddEMP_002 : test_placeorder_01 : 35 : clicking on save button
%(asctime)s : INFO : Test_HRM_AddEMP_002 : test_placeorder_01 : 37 : checking for emp add success
%(asctime)s : INFO : Test_HRM_AddEMP_002 : test_placeorder_01 : 16 : Opening the web browser
%(asctime)s : INFO : Test_HRM_AddEMP_002 : test_placeorder_01 : 17 : navigating and opening the given URL
%(asctime)s : INFO : Test_HRM_AddEMP_002 : test_placeorder_01 : 19 : Entering the username
%(asctime)s : INFO : Test_HRM_AddEMP_002 : test_placeorder_01 : 21 : Entering the password
%(asctime)s : INFO : Test_HRM_AddEMP_002 : test_placeorder_01 : 23 : clicking on login button
%(asctime)s : INFO : Test_HRM_AddEMP_002 : test_placeorder_01 : 27 : Clicking on PIM from list
%(asctime)s : INFO : Test_HRM_AddEMP_002 : test_placeorder_01 : 29 : clicking on add button
%(asctime)s : INFO : Test_HRM_AddEMP_002 : test_placeorder_01 : 31 : entering first middle last name in text box
%(asctime)s : INFO : Test_HRM_AddEMP_002 : test_placeorder_01 : 35 : clicking on save button
%(asctime)s : INFO : Test_HRM_AddEMP_002 : test_placeorder_01 : 37 : checking for emp add success
%(asctime)s : INFO : Test_HRM_AddEMP_002 : test_placeorder_01 : 16 : Opening the web browser
%(asctime)s : INFO : Test_HRM_AddEMP_002 : test_placeorder_01 : 17 : navigating and opening the given URL
%(asctime)s : INFO : Test_HRM_AddEMP_002 : test_placeorder_01 : 19 : Entering the username
%(asctime)s : INFO : Test_HRM_AddEMP_002 : test_placeorder_01 : 21 : Entering the password
%(asctime)s : INFO : Test_HRM_AddEMP_002 : test_placeorder_01 : 23 : clicking on login button
%(asctime)s : INFO : Test_HRM_AddEMP_002 : test_placeorder_01 : 27 : Clicking on PIM from list
%(asctime)s : INFO : Test_HRM_AddEMP_002 : test_placeorder_01 : 29 : clicking on add button
%(asctime)s : INFO : Test_HRM_AddEMP_002 : test_placeorder_01 : 31 : entering first middle last name in text box
%(asctime)s : INFO : Test_HRM_AddEMP_002 : test_placeorder_01 : 35 : clicking on save button
%(asctime)s : INFO : Test_HRM_AddEMP_002 : test_placeorder_01 : 37 : checking for emp add success
%(asctime)s : INFO : Test_HRM_AddEMP_002 : test_placeorder_01 : 16 : Opening the web browser
%(asctime)s : INFO : Test_HRM_AddEMP_002 : test_placeorder_01 : 17 : navigating and opening the given URL
%(asctime)s : INFO : Test_HRM_AddEMP_002 : test_placeorder_01 : 19 : Entering the username
%(asctime)s : INFO : Test_HRM_AddEMP_002 : test_placeorder_01 : 21 : Entering the password
%(asctime)s : INFO : Test_HRM_AddEMP_002 : test_placeorder_01 : 23 : clicking on login button
%(asctime)s : INFO : Test_HRM_AddEMP_002 : test_placeorder_01 : 27 : Clicking on PIM from list
%(asctime)s : INFO : Test_HRM_AddEMP_002 : test_placeorder_01 : 29 : clicking on add button
%(asctime)s : INFO : Test_HRM_AddEMP_002 : test_placeorder_01 : 31 : entering first middle last name in text box
%(asctime)s : INFO : Test_HRM_AddEMP_002 : test_placeorder_01 : 35 : clicking on save button
%(asctime)s : INFO : Test_HRM_AddEMP_002 : test_placeorder_01 : 37 : checking for emp add success
%(asctime)s : INFO : Test_HRM_AddEMP_002 : test_placeorder_01 : 16 : Opening the web browser
%(asctime)s : INFO : Test_HRM_AddEMP_002 : test_placeorder_01 : 17 : navigating and opening the given URL
%(asctime)s : INFO : Test_HRM_AddEMP_002 : test_placeorder_01 : 19 : Entering the username
%(asctime)s : INFO : Test_HRM_AddEMP_002 : test_placeorder_01 : 21 : Entering the password
%(asctime)s : INFO : Test_HRM_AddEMP_002 : test_placeorder_01 : 23 : clicking on login button
%(asctime)s : INFO : Test_HRM_AddEMP_002 : test_placeorder_01 : 27 : Clicking on PIM from list
%(asctime)s : INFO : Test_HRM_AddEMP_002 : test_placeorder_01 : 29 : clicking on add button
%(asctime)s : INFO : Test_HRM_AddEMP_002 : test_placeorder_01 : 31 : entering first middle last name in text box
%(asctime)s : INFO : Test_HRM_AddEMP_002 : test_placeorder_01 : 35 : clicking on save button
%(asctime)s : INFO : Test_HRM_AddEMP_002 : test_placeorder_01 : 37 : checking for emp add success
%(asctime)s : INFO : Test_HRM_AddEMP_002 : test_placeorder_01 : 16 : Opening the web browser
%(asctime)s : INFO : Test_HRM_AddEMP_002 : test_placeorder_01 : 17 : navigating and opening the given URL
%(asctime)s : INFO : Test_HRM_AddEMP_002 : test_placeorder_01 : 19 : Entering the username
%(asctime)s : INFO : Test_HRM_AddEMP_002 : test_placeorder_01 : 21 : Entering the password
%(asctime)s : INFO : Test_HRM_AddEMP_002 : test_placeorder_01 : 23 : clicking on login button
%(asctime)s : INFO : Test_HRM_AddEMP_002 : test_placeorder_01 : 27 : Clicking on PIM from list
%(asctime)s : INFO : Test_HRM_AddEMP_002 : test_placeorder_01 : 29 : clicking on add button
%(asctime)s : INFO : Test_HRM_AddEMP_002 : test_placeorder_01 : 31 : entering first middle last name in text box
%(asctime)s : INFO : Test_HRM_AddEMP_002 : test_placeorder_01 : 35 : clicking on save button
%(asctime)s : INFO : Test_HRM_AddEMP_002 : test_placeorder_01 : 37 : checking for emp add success
%(asctime)s : INFO : Test_HRM_AddEMP_002 : test_placeorder_01 : 16 : Opening the web browser
%(asctime)s : INFO : Test_HRM_AddEMP_002 : test_placeorder_01 : 17 : navigating and opening the given URL
%(asctime)s : INFO : Test_HRM_AddEMP_002 : test_placeorder_01 : 19 : Entering the username
%(asctime)s : INFO : Test_HRM_AddEMP_002 : test_placeorder_01 : 21 : Entering the password
%(asctime)s : INFO : Test_HRM_AddEMP_002 : test_placeorder_01 : 23 : clicking on login button
%(asctime)s : INFO : Test_HRM_AddEMP_002 : test_placeorder_01 : 27 : Clicking on PIM from list
%(asctime)s : INFO : Test_HRM_AddEMP_002 : test_placeorder_01 : 29 : clicking on add button
%(asctime)s : INFO : Test_HRM_AddEMP_002 : test_placeorder_01 : 31 : entering first middle last name in text box
%(asctime)s : INFO : Test_HRM_AddEMP_002 : test_placeorder_01 : 35 : clicking on save button
%(asctime)s : INFO : Test_HRM_AddEMP_002 : test_placeorder_01 : 37 : checking for emp add success
%(asctime)s : INFO : Test_HRM_AddEMP_002 : test_placeorder_01 : 39 : None
%(asctime)s : INFO : Test_SearchEmp : test_searchemp_01 : 16 : Opening the web browser
%(asctime)s : INFO : Test_SearchEmp : test_searchemp_01 : 17 : navigating and opening the given URL
%(asctime)s : INFO : Test_SearchEmp : test_searchemp_01 : 19 : Entering the username
%(asctime)s : INFO : Test_SearchEmp : test_searchemp_01 : 21 : Entering the password
%(asctime)s : INFO : Test_SearchEmp : test_searchemp_01 : 23 : clicking on login button
%(asctime)s : INFO : Test_SearchEmp : test_searchemp_01 : 27 : clicking on PIM
%(asctime)s : INFO : Test_SearchEmp : test_searchemp_01 : 29 : entering empid in text box
%(asctime)s : INFO : Test_SearchEmp : test_searchemp_01 : 16 : Opening the web browser
%(asctime)s : INFO : Test_SearchEmp : test_searchemp_01 : 17 : navigating and opening the given URL
%(asctime)s : INFO : Test_SearchEmp : test_searchemp_01 : 19 : Entering the username
%(asctime)s : INFO : Test_SearchEmp : test_searchemp_01 : 21 : Entering the password
%(asctime)s : INFO : Test_SearchEmp : test_searchemp_01 : 23 : clicking on login button
%(asctime)s : INFO : Test_SearchEmp : test_searchemp_01 : 27 : clicking on PIM
%(asctime)s : INFO : Test_SearchEmp : test_searchemp_01 : 29 : entering empid in text box
%(asctime)s : INFO : Test_SearchEmp : test_searchemp_01 : 16 : Opening the web browser
%(asctime)s : INFO : Test_SearchEmp : test_searchemp_01 : 17 : navigating and opening the given URL
%(asctime)s : INFO : Test_SearchEmp : test_searchemp_01 : 19 : Entering the username
%(asctime)s : INFO : Test_SearchEmp : test_searchemp_01 : 21 : Entering the password
%(asctime)s : INFO : Test_SearchEmp : test_searchemp_01 : 23 : clicking on login button
%(asctime)s : INFO : Test_SearchEmp : test_searchemp_01 : 27 : clicking on PIM
%(asctime)s : INFO : Test_SearchEmp : test_searchemp_01 : 29 : entering empid in text box
%(asctime)s : INFO : Test_SearchEmp : test_searchemp_01 : 31 : clicking on search button
%(asctime)s : INFO : Test_SearchEmp : test_searchemp_01 : 16 : Opening the web browser
%(asctime)s : INFO : Test_SearchEmp : test_searchemp_01 : 17 : navigating and opening the given URL
%(asctime)s : INFO : Test_SearchEmp : test_searchemp_01 : 19 : Entering the username
%(asctime)s : INFO : Test_SearchEmp : test_searchemp_01 : 21 : Entering the password
%(asctime)s : INFO : Test_SearchEmp : test_searchemp_01 : 23 : clicking on login button
%(asctime)s : INFO : Test_SearchEmp : test_searchemp_01 : 27 : clicking on PIM
%(asctime)s : INFO : Test_SearchEmp : test_searchemp_01 : 29 : entering empid in text box
%(asctime)s : INFO : Test_SearchEmp : test_searchemp_01 : 31 : clicking on search button
%(asctime)s : INFO : Test_SearchEmp : test_searchemp_01 : 16 : Opening the web browser
%(asctime)s : INFO : Test_SearchEmp : test_searchemp_01 : 17 : navigating and opening the given URL
%(asctime)s : INFO : Test_SearchEmp : test_searchemp_01 : 19 : Entering the username
%(asctime)s : INFO : Test_SearchEmp : test_searchemp_01 : 21 : Entering the password
%(asctime)s : INFO : Test_SearchEmp : test_searchemp_01 : 23 : clicking on login button
%(asctime)s : INFO : Test_SearchEmp : test_searchemp_01 : 27 : clicking on PIM
%(asctime)s : INFO : Test_SearchEmp : test_searchemp_01 : 29 : entering empid in text box
%(asctime)s : INFO : Test_SearchEmp : test_searchemp_01 : 31 : clicking on search button
%(asctime)s : INFO : Test_SearchEmp : test_searchemp_01 : 16 : Opening the web browser
%(asctime)s : INFO : Test_SearchEmp : test_searchemp_01 : 17 : navigating and opening the given URL
%(asctime)s : INFO : Test_SearchEmp : test_searchemp_01 : 19 : Entering the username
%(asctime)s : INFO : Test_SearchEmp : test_searchemp_01 : 21 : Entering the password
%(asctime)s : INFO : Test_SearchEmp : test_searchemp_01 : 23 : clicking on login button
%(asctime)s : INFO : Test_SearchEmp : test_searchemp_01 : 27 : clicking on PIM
%(asctime)s : INFO : Test_SearchEmp : test_searchemp_01 : 29 : entering empid in text box
%(asctime)s : INFO : Test_SearchEmp : test_searchemp_01 : 31 : clicking on search button
%(asctime)s : INFO : Test_SearchEmp : test_searchemp_01 : 16 : Opening the web browser
%(asctime)s : INFO : Test_SearchEmp : test_searchemp_01 : 17 : navigating and opening the given URL
%(asctime)s : INFO : Test_SearchEmp : test_searchemp_01 : 19 : Entering the username
%(asctime)s : INFO : Test_SearchEmp : test_searchemp_01 : 21 : Entering the password
%(asctime)s : INFO : Test_SearchEmp : test_searchemp_01 : 23 : clicking on login button
%(asctime)s : INFO : Test_SearchEmp : test_searchemp_01 : 27 : clicking on PIM
%(asctime)s : INFO : Test_SearchEmp : test_searchemp_01 : 29 : entering empid in text box
%(asctime)s : INFO : Test_SearchEmp : test_searchemp_01 : 31 : clicking on search button
%(asctime)s : INFO : Test_SearchEmp : test_searchemp_01 : 16 : Opening the web browser
%(asctime)s : INFO : Test_SearchEmp : test_searchemp_01 : 17 : navigating and opening the given URL
%(asctime)s : INFO : Test_SearchEmp : test_searchemp_01 : 19 : Entering the username
%(asctime)s : INFO : Test_SearchEmp : test_searchemp_01 : 21 : Entering the password
%(asctime)s : INFO : Test_SearchEmp : test_searchemp_01 : 23 : clicking on login button
%(asctime)s : INFO : Test_SearchEmp : test_searchemp_01 : 27 : clicking on PIM
%(asctime)s : INFO : Test_SearchEmp : test_searchemp_01 : 29 : entering empid in text box
%(asctime)s : INFO : Test_SearchEmp : test_searchemp_01 : 31 : clicking on search button
%(asctime)s : INFO : Test_SearchEmp : test_searchemp_01 : 16 : Opening the web browser
%(asctime)s : INFO : Test_SearchEmp : test_searchemp_01 : 17 : navigating and opening the given URL
%(asctime)s : INFO : Test_SearchEmp : test_searchemp_01 : 19 : Entering the username
%(asctime)s : INFO : Test_SearchEmp : test_searchemp_01 : 16 : Opening the web browser
%(asctime)s : INFO : Test_SearchEmp : test_searchemp_01 : 17 : navigating and opening the given URL
%(asctime)s : INFO : Test_SearchEmp : test_searchemp_01 : 19 : Entering the username
%(asctime)s : INFO : Test_SearchEmp : test_searchemp_01 : 16 : Opening the web browser
%(asctime)s : INFO : Test_SearchEmp : test_searchemp_01 : 17 : navigating and opening the given URL
%(asctime)s : INFO : Test_SearchEmp : test_searchemp_01 : 19 : Entering the username
%(asctime)s : INFO : Test_SearchEmp : test_searchemp_01 : 21 : Entering the password
%(asctime)s : INFO : Test_SearchEmp : test_searchemp_01 : 23 : clicking on login button
%(asctime)s : INFO : Test_SearchEmp : test_searchemp_01 : 27 : clicking on PIM
%(asctime)s : INFO : Test_SearchEmp : test_searchemp_01 : 29 : entering empid in text box
%(asctime)s : INFO : Test_SearchEmp : test_searchemp_01 : 16 : Opening the web browser
%(asctime)s : INFO : Test_SearchEmp : test_searchemp_01 : 17 : navigating and opening the given URL
%(asctime)s : INFO : Test_SearchEmp : test_searchemp_01 : 19 : Entering the username
%(asctime)s : INFO : Test_SearchEmp : test_searchemp_01 : 21 : Entering the password
%(asctime)s : INFO : Test_SearchEmp : test_searchemp_01 : 23 : clicking on login button
%(asctime)s : INFO : Test_SearchEmp : test_searchemp_01 : 27 : clicking on PIM
%(asctime)s : INFO : Test_SearchEmp : test_searchemp_01 : 29 : entering empid in text box
%(asctime)s : INFO : Test_SearchEmp : test_searchemp_01 : 16 : Opening the web browser
%(asctime)s : INFO : Test_SearchEmp : test_searchemp_01 : 17 : navigating and opening the given URL
%(asctime)s : INFO : Test_SearchEmp : test_searchemp_01 : 19 : Entering the username
%(asctime)s : INFO : Test_SearchEmp : test_searchemp_01 : 21 : Entering the password
%(asctime)s : INFO : Test_SearchEmp : test_searchemp_01 : 23 : clicking on login button
%(asctime)s : INFO : Test_SearchEmp : test_searchemp_01 : 27 : clicking on PIM
%(asctime)s : INFO : Test_SearchEmp : test_searchemp_01 : 29 : entering empid in text box
%(asctime)s : INFO : Test_SearchEmp : test_searchemp_01 : 16 : Opening the web browser
%(asctime)s : INFO : Test_SearchEmp : test_searchemp_01 : 17 : navigating and opening the given URL
%(asctime)s : INFO : Test_SearchEmp : test_searchemp_01 : 19 : Entering the username
%(asctime)s : INFO : Test_SearchEmp : test_searchemp_01 : 21 : Entering the password
%(asctime)s : INFO : Test_SearchEmp : test_searchemp_01 : 23 : clicking on login button
%(asctime)s : INFO : Test_SearchEmp : test_searchemp_01 : 27 : clicking on PIM
%(asctime)s : INFO : Test_SearchEmp : test_searchemp_01 : 29 : entering empid in text box
%(asctime)s : INFO : Test_HRM_AddEMP_DDT_004 : test_addemp_05 : 18 : Opening the web browser
%(asctime)s : INFO : Test_HRM_AddEMP_DDT_004 : test_addemp_05 : 19 : navigating and opening the given URL
%(asctime)s : INFO : Test_HRM_AddEMP_DDT_004 : test_addemp_05 : 21 : Entering the username
%(asctime)s : INFO : Test_HRM_AddEMP_DDT_004 : test_addemp_05 : 23 : Entering the password
%(asctime)s : INFO : Test_HRM_AddEMP_DDT_004 : test_addemp_05 : 25 : clicking on login button
%(asctime)s : INFO : Test_HRM_AddEMP_DDT_004 : test_addemp_05 : 34 : Clicking on PIM from list
%(asctime)s : INFO : Test_HRM_AddEMP_DDT_004 : test_addemp_05 : 36 : clicking on add button
%(asctime)s : INFO : Test_HRM_AddEMP_DDT_004 : test_addemp_05 : 38 : entering firstname: akshaymiddlename: clastname: cin text box
%(asctime)s : INFO : Test_HRM_AddEMP_DDT_004 : test_addemp_05 : 42 : clicking on save button
%(asctime)s : INFO : Test_HRM_AddEMP_DDT_004 : test_addemp_05 : 44 : checking for emp add success
%(asctime)s : INFO : Test_HRM_AddEMP_DDT_004 : test_addemp_05 : 46 : None
%(asctime)s : INFO : Test_HRM_AddEMP_DDT_004 : test_addemp_05 : 34 : Clicking on PIM from list
%(asctime)s : INFO : Test_HRM_AddEMP_DDT_004 : test_addemp_05 : 36 : clicking on add button
%(asctime)s : INFO : Test_HRM_AddEMP_DDT_004 : test_addemp_05 : 38 : entering firstname: pooja middlename: s lastname: s in text box
%(asctime)s : INFO : Test_HRM_AddEMP_DDT_004 : test_addemp_05 : 42 : clicking on save button
%(asctime)s : INFO : Test_HRM_AddEMP_DDT_004 : test_addemp_05 : 44 : checking for emp add success
%(asctime)s : INFO : Test_HRM_AddEMP_DDT_004 : test_addemp_05 : 46 : None
%(asctime)s : INFO : Test_HRM_AddEMP_DDT_004 : test_addemp_05 : 34 : Clicking on PIM from list
%(asctime)s : INFO : Test_HRM_AddEMP_DDT_004 : test_addemp_05 : 36 : clicking on add button
%(asctime)s : INFO : Test_HRM_AddEMP_DDT_004 : test_addemp_05 : 38 : entering firstname: rahul  middlename: c lastname: c in text box
%(asctime)s : INFO : Test_HRM_AddEMP_DDT_004 : test_addemp_05 : 42 : clicking on save button
%(asctime)s : INFO : Test_HRM_AddEMP_DDT_004 : test_addemp_05 : 44 : checking for emp add success
%(asctime)s : INFO : Test_HRM_AddEMP_DDT_004 : test_addemp_05 : 46 : None
%(asctime)s : INFO : Test_HRM_AddEMP_DDT_004 : test_addemp_05 : 34 : Clicking on PIM from list
%(asctime)s : INFO : Test_HRM_AddEMP_DDT_004 : test_addemp_05 : 36 : clicking on add button
%(asctime)s : INFO : Test_HRM_AddEMP_DDT_004 : test_addemp_05 : 38 : entering firstname: ashok middlename: d lastname: d in text box
%(asctime)s : INFO : Test_HRM_AddEMP_DDT_004 : test_addemp_05 : 42 : clicking on save button
%(asctime)s : INFO : Test_HRM_AddEMP_DDT_004 : test_addemp_05 : 44 : checking for emp add success
%(asctime)s : INFO : Test_HRM_AddEMP_DDT_004 : test_addemp_05 : 46 : None
%(asctime)s : INFO : Test_HRM_AddEMP_DDT_004 : test_addemp_05 : 34 : Clicking on PIM from list
%(asctime)s : INFO : Test_HRM_AddEMP_DDT_004 : test_addemp_05 : 36 : clicking on add button
%(asctime)s : INFO : Test_HRM_AddEMP_DDT_004 : test_addemp_05 : 38 : entering firstname: rakeshmiddlename: b lastname: b in text box
%(asctime)s : INFO : Test_HRM_AddEMP_DDT_004 : test_addemp_05 : 42 : clicking on save button
%(asctime)s : INFO : Test_HRM_AddEMP_DDT_004 : test_addemp_05 : 44 : checking for emp add success
%(asctime)s : INFO : Test_HRM_AddEMP_DDT_004 : test_addemp_05 : 46 : None
%(asctime)s : INFO : Test_HRM_AddEMP_DDT_004 : test_addemp_05 : 52 : Test case DDT is completed
%(asctime)s : INFO : Test_HRM_AddEMP_DDT_004 : test_addemp_05 : 18 : Opening the web browser
%(asctime)s : INFO : Test_HRM_AddEMP_DDT_004 : test_addemp_05 : 19 : navigating and opening the given URL
%(asctime)s : INFO : Test_HRM_AddEMP_DDT_004 : test_addemp_05 : 21 : Entering the username
%(asctime)s : INFO : Test_HRM_AddEMP_DDT_004 : test_addemp_05 : 23 : Entering the password
%(asctime)s : INFO : Test_HRM_AddEMP_DDT_004 : test_addemp_05 : 25 : clicking on login button
%(asctime)s : INFO : Test_HRM_AddEMP_DDT_004 : test_addemp_05 : 34 : Clicking on PIM from list
%(asctime)s : INFO : Test_HRM_AddEMP_DDT_004 : test_addemp_05 : 36 : clicking on add button
%(asctime)s : INFO : Test_HRM_AddEMP_DDT_004 : test_addemp_05 : 38 : entering firstname: akshay middlename: c lastname: bavache in text box
%(asctime)s : INFO : Test_HRM_AddEMP_DDT_004 : test_addemp_05 : 42 : clicking on save button
%(asctime)s : INFO : Test_HRM_AddEMP_DDT_004 : test_addemp_05 : 44 : checking for emp add success
%(asctime)s : INFO : Test_HRM_AddEMP_DDT_004 : test_addemp_05 : 46 : None
%(asctime)s : INFO : Test_HRM_AddEMP_DDT_004 : test_addemp_05 : 34 : Clicking on PIM from list
%(asctime)s : INFO : Test_HRM_AddEMP_DDT_004 : test_addemp_05 : 36 : clicking on add button
%(asctime)s : INFO : Test_HRM_AddEMP_DDT_004 : test_addemp_05 : 38 : entering firstname: pooja  middlename: s  lastname: patil in text box
%(asctime)s : INFO : Test_HRM_AddEMP_DDT_004 : test_addemp_05 : 42 : clicking on save button
%(asctime)s : INFO : Test_HRM_AddEMP_DDT_004 : test_addemp_05 : 44 : checking for emp add success
%(asctime)s : INFO : Test_HRM_AddEMP_DDT_004 : test_addemp_05 : 46 : None
%(asctime)s : INFO : Test_HRM_AddEMP_DDT_004 : test_addemp_05 : 34 : Clicking on PIM from list
%(asctime)s : INFO : Test_HRM_AddEMP_DDT_004 : test_addemp_05 : 36 : clicking on add button
%(asctime)s : INFO : Test_HRM_AddEMP_DDT_004 : test_addemp_05 : 38 : entering firstname: rahul   middlename: c  lastname: mane in text box
%(asctime)s : INFO : Test_HRM_AddEMP_DDT_004 : test_addemp_05 : 42 : clicking on save button
%(asctime)s : INFO : Test_HRM_AddEMP_DDT_004 : test_addemp_05 : 44 : checking for emp add success
%(asctime)s : INFO : Test_HRM_AddEMP_DDT_004 : test_addemp_05 : 46 : None
%(asctime)s : INFO : Test_HRM_AddEMP_DDT_004 : test_addemp_05 : 34 : Clicking on PIM from list
%(asctime)s : INFO : Test_HRM_AddEMP_DDT_004 : test_addemp_05 : 36 : clicking on add button
%(asctime)s : INFO : Test_HRM_AddEMP_DDT_004 : test_addemp_05 : 38 : entering firstname: ashok  middlename: d  lastname: keste in text box
%(asctime)s : INFO : Test_HRM_AddEMP_DDT_004 : test_addemp_05 : 42 : clicking on save button
%(asctime)s : INFO : Test_HRM_AddEMP_DDT_004 : test_addemp_05 : 44 : checking for emp add success
%(asctime)s : INFO : Test_HRM_AddEMP_DDT_004 : test_addemp_05 : 46 : None
%(asctime)s : INFO : Test_HRM_AddEMP_DDT_004 : test_addemp_05 : 34 : Clicking on PIM from list
%(asctime)s : INFO : Test_HRM_AddEMP_DDT_004 : test_addemp_05 : 36 : clicking on add button
%(asctime)s : INFO : Test_HRM_AddEMP_DDT_004 : test_addemp_05 : 38 : entering firstname: rakesh middlename: b  lastname: marajakke in text box
%(asctime)s : INFO : Test_HRM_AddEMP_DDT_004 : test_addemp_05 : 42 : clicking on save button
%(asctime)s : INFO : Test_HRM_AddEMP_DDT_004 : test_addemp_05 : 44 : checking for emp add success
%(asctime)s : INFO : Test_HRM_AddEMP_DDT_004 : test_addemp_05 : 46 : None
%(asctime)s : INFO : Test_HRM_AddEMP_DDT_004 : test_addemp_05 : 52 : Test case DDT is completed
%(asctime)s : INFO : Test_HRM_AddEMP_DDT_004 : test_addemp_05 : 18 : Opening the web browser
%(asctime)s : INFO : Test_HRM_AddEMP_DDT_004 : test_addemp_05 : 19 : navigating and opening the given URL
%(asctime)s : INFO : Test_HRM_AddEMP_DDT_004 : test_addemp_05 : 21 : Entering the username
%(asctime)s : INFO : Test_HRM_AddEMP_DDT_004 : test_addemp_05 : 23 : Entering the password
%(asctime)s : INFO : Test_HRM_AddEMP_DDT_004 : test_addemp_05 : 25 : clicking on login button
%(asctime)s : INFO : Test_HRM_AddEMP_DDT_004 : test_addemp_05 : 34 : Clicking on PIM from list
%(asctime)s : INFO : Test_HRM_AddEMP_DDT_004 : test_addemp_05 : 36 : clicking on add button
%(asctime)s : INFO : Test_HRM_AddEMP_DDT_004 : test_addemp_05 : 38 : entering firstname: akshay middlename: c lastname: bavache in text box
%(asctime)s : INFO : Test_HRM_AddEMP_DDT_004 : test_addemp_05 : 42 : clicking on save button
%(asctime)s : INFO : Test_HRM_AddEMP_DDT_004 : test_addemp_05 : 18 : Opening the web browser
%(asctime)s : INFO : Test_HRM_AddEMP_DDT_004 : test_addemp_05 : 19 : navigating and opening the given URL
%(asctime)s : INFO : Test_HRM_AddEMP_DDT_004 : test_addemp_05 : 21 : Entering the username
%(asctime)s : INFO : Test_HRM_AddEMP_DDT_004 : test_addemp_05 : 23 : Entering the password
%(asctime)s : INFO : Test_HRM_AddEMP_DDT_004 : test_addemp_05 : 25 : clicking on login button
%(asctime)s : INFO : Test_HRM_AddEMP_DDT_004 : test_addemp_05 : 34 : Clicking on PIM from list
%(asctime)s : INFO : Test_HRM_AddEMP_DDT_004 : test_addemp_05 : 36 : clicking on add button
%(asctime)s : INFO : Test_HRM_AddEMP_DDT_004 : test_addemp_05 : 38 : entering firstname: Akshay middlename: A lastname: Kumar in text box
%(asctime)s : INFO : Test_HRM_AddEMP_DDT_004 : test_addemp_05 : 42 : clicking on save button
%(asctime)s : INFO : Test_HRM_AddEMP_DDT_004 : test_addemp_05 : 18 : Opening the web browser
%(asctime)s : INFO : Test_HRM_AddEMP_DDT_004 : test_addemp_05 : 19 : navigating and opening the given URL
%(asctime)s : INFO : Test_HRM_AddEMP_DDT_004 : test_addemp_05 : 21 : Entering the username
%(asctime)s : INFO : Test_HRM_AddEMP_DDT_004 : test_addemp_05 : 23 : Entering the password
%(asctime)s : INFO : Test_HRM_AddEMP_DDT_004 : test_addemp_05 : 25 : clicking on login button
%(asctime)s : INFO : Test_HRM_AddEMP_DDT_004 : test_addemp_05 : 34 : Clicking on PIM from list
%(asctime)s : INFO : Test_HRM_AddEMP_DDT_004 : test_addemp_05 : 36 : clicking on add button
%(asctime)s : INFO : Test_HRM_AddEMP_DDT_004 : test_addemp_05 : 38 : entering firstname: Akshay middlename: A lastname: Kumar in text box
%(asctime)s : INFO : Test_HRM_AddEMP_DDT_004 : test_addemp_05 : 42 : clicking on save button
%(asctime)s : INFO : Test_HRM_AddEMP_DDT_004 : test_addemp_05 : 18 : Opening the web browser
%(asctime)s : INFO : Test_HRM_AddEMP_DDT_004 : test_addemp_05 : 19 : navigating and opening the given URL
%(asctime)s : INFO : Test_HRM_AddEMP_DDT_004 : test_addemp_05 : 21 : Entering the username
%(asctime)s : INFO : Test_HRM_AddEMP_DDT_004 : test_addemp_05 : 23 : Entering the password
%(asctime)s : INFO : Test_HRM_AddEMP_DDT_004 : test_addemp_05 : 25 : clicking on login button
%(asctime)s : INFO : Test_HRM_AddEMP_DDT_004 : test_addemp_05 : 34 : Clicking on PIM from list
%(asctime)s : INFO : Test_HRM_AddEMP_DDT_004 : test_addemp_05 : 36 : clicking on add button
%(asctime)s : INFO : Test_HRM_AddEMP_DDT_004 : test_addemp_05 : 38 : entering firstname: Akshay middlename: A lastname: Kumar in text box
%(asctime)s : INFO : Test_HRM_AddEMP_DDT_004 : test_addemp_05 : 42 : clicking on save button
%(asctime)s : INFO : Test_HRM_AddEMP_DDT_004 : test_addemp_05 : 45 : checking for emp add success
%(asctime)s : INFO : Test_HRM_AddEMP_DDT_004 : test_addemp_05 : 34 : Clicking on PIM from list
%(asctime)s : INFO : Test_HRM_AddEMP_DDT_004 : test_addemp_05 : 36 : clicking on add button
%(asctime)s : INFO : Test_HRM_AddEMP_DDT_004 : test_addemp_05 : 38 : entering firstname: Rajani middlename: S lastname: Kant in text box
%(asctime)s : INFO : Test_HRM_AddEMP_DDT_004 : test_addemp_05 : 42 : clicking on save button
%(asctime)s : INFO : Test_HRM_AddEMP_DDT_004 : test_addemp_05 : 45 : checking for emp add success
%(asctime)s : INFO : Test_HRM_AddEMP_DDT_004 : test_addemp_05 : 34 : Clicking on PIM from list
%(asctime)s : INFO : Test_HRM_AddEMP_DDT_004 : test_addemp_05 : 36 : clicking on add button
%(asctime)s : INFO : Test_HRM_AddEMP_DDT_004 : test_addemp_05 : 38 : entering firstname: Rahul middlename: D lastname: Dravid in text box
%(asctime)s : INFO : Test_HRM_AddEMP_DDT_004 : test_addemp_05 : 42 : clicking on save button
%(asctime)s : INFO : Test_HRM_AddEMP_002 : test_placeorder_01 : 16 : Opening the web browser
%(asctime)s : INFO : Test_HRM_AddEMP_002 : test_placeorder_01 : 17 : navigating and opening the given URL
%(asctime)s : INFO : Test_HRM_AddEMP_002 : test_placeorder_01 : 19 : Entering the username
%(asctime)s : INFO : Test_HRM_AddEMP_002 : test_placeorder_01 : 21 : Entering the password
%(asctime)s : INFO : Test_HRM_AddEMP_002 : test_placeorder_01 : 23 : clicking on login button
%(asctime)s : INFO : Test_HRM_AddEMP_002 : test_placeorder_01 : 27 : Clicking on PIM from list
%(asctime)s : INFO : Test_HRM_AddEMP_002 : test_placeorder_01 : 29 : clicking on add button
%(asctime)s : INFO : Test_HRM_AddEMP_002 : test_placeorder_01 : 31 : entering first middle last name in text box
%(asctime)s : INFO : Test_HRM_AddEMP_002 : test_placeorder_01 : 35 : clicking on save button
%(asctime)s : INFO : Test_HRM_AddEMP_002 : test_placeorder_01 : 37 : checking for emp add success
%(asctime)s : INFO : Test_HRM_AddEMP_002 : test_placeorder_01 : 39 : None
%(asctime)s : INFO : Test_OrangeHRM_001 : test_page_tital_01 : 18 : Opening the browser
%(asctime)s : INFO : Test_OrangeHRM_001 : test_page_tital_01 : 19 : Opening the URL
%(asctime)s : INFO : Test_OrangeHRM_001 : test_page_tital_01 : 21 : Checking for the page title
%(asctime)s : INFO : Test_OrangeHRM_001 : test_page_tital_01 : 23 : taking the screen shoot
%(asctime)s : INFO : Test_OrangeHRM_001 : test_page_tital_01 : 26 : opened page is matched as per requirement
%(asctime)s : INFO : Test_OrangeHRM_001 : test_login_02 : 37 : Opening the web browser
%(asctime)s : INFO : Test_OrangeHRM_001 : test_login_02 : 38 : navigating and opening the given URL
%(asctime)s : INFO : Test_OrangeHRM_001 : test_login_02 : 41 : Entering the username
%(asctime)s : INFO : Test_OrangeHRM_001 : test_login_02 : 43 : Entering the password
%(asctime)s : INFO : Test_OrangeHRM_001 : test_login_02 : 45 : clicking on login button
%(asctime)s : INFO : Test_OrangeHRM_001 : test_login_02 : 47 : Checking for the login status
%(asctime)s : INFO : Test_OrangeHRM_001 : test_login_02 : 49 : Login credential is correct and logged in
%(asctime)s : INFO : Test_OrangeHRM_001 : test_login_02 : 50 : taking the screen shoot
%(asctime)s : INFO : Test_OrangeHRM_001 : test_login_02 : 55 : clicking on logout
%(asctime)s : INFO : Test_SearchEmp : test_searchemp_01 : 16 : Opening the web browser
%(asctime)s : INFO : Test_SearchEmp : test_searchemp_01 : 17 : navigating and opening the given URL
%(asctime)s : INFO : Test_SearchEmp : test_searchemp_01 : 19 : Entering the username
%(asctime)s : INFO : Test_SearchEmp : test_searchemp_01 : 21 : Entering the password
%(asctime)s : INFO : Test_SearchEmp : test_searchemp_01 : 23 : clicking on login button
%(asctime)s : INFO : Test_SearchEmp : test_searchemp_01 : 27 : clicking on PIM
%(asctime)s : INFO : Test_SearchEmp : test_searchemp_01 : 29 : entering empid in text box
%(asctime)s : INFO : Test_HRM_AddEMP_002 : test_placeorder_01 : 16 : Opening the web browser
%(asctime)s : INFO : Test_HRM_AddEMP_002 : test_placeorder_01 : 17 : navigating and opening the given URL
%(asctime)s : INFO : Test_HRM_AddEMP_002 : test_placeorder_01 : 19 : Entering the username
%(asctime)s : INFO : Test_HRM_AddEMP_002 : test_placeorder_01 : 21 : Entering the password
%(asctime)s : INFO : Test_HRM_AddEMP_002 : test_placeorder_01 : 23 : clicking on login button
%(asctime)s : INFO : Test_HRM_AddEMP_002 : test_placeorder_01 : 27 : Clicking on PIM from list
%(asctime)s : INFO : Test_HRM_AddEMP_002 : test_placeorder_01 : 29 : clicking on add button
%(asctime)s : INFO : Test_HRM_AddEMP_002 : test_placeorder_01 : 31 : entering first middle last name in text box
%(asctime)s : INFO : Test_HRM_AddEMP_002 : test_placeorder_01 : 35 : clicking on save button
%(asctime)s : INFO : Test_HRM_AddEMP_002 : test_placeorder_01 : 37 : checking for emp add success
%(asctime)s : INFO : Test_HRM_AddEMP_002 : test_placeorder_01 : 39 : None
%(asctime)s : INFO : Test_HRM_AddEMP_DDT_004 : test_addemp_05 : 18 : Opening the web browser
%(asctime)s : INFO : Test_HRM_AddEMP_DDT_004 : test_addemp_05 : 19 : navigating and opening the given URL
%(asctime)s : INFO : Test_HRM_AddEMP_DDT_004 : test_addemp_05 : 21 : Entering the username
%(asctime)s : INFO : Test_HRM_AddEMP_DDT_004 : test_addemp_05 : 23 : Entering the password
%(asctime)s : INFO : Test_HRM_AddEMP_DDT_004 : test_addemp_05 : 25 : clicking on login button
%(asctime)s : INFO : Test_HRM_AddEMP_DDT_004 : test_addemp_05 : 34 : Clicking on PIM from list
%(asctime)s : INFO : Test_HRM_AddEMP_DDT_004 : test_addemp_05 : 36 : clicking on add button
%(asctime)s : INFO : Test_HRM_AddEMP_DDT_004 : test_addemp_05 : 38 : entering firstname: Akshay middlename: A lastname: Kumar in text box
%(asctime)s : INFO : Test_HRM_AddEMP_DDT_004 : test_addemp_05 : 42 : clicking on save button
%(asctime)s : INFO : Test_OrangeHRM_001 : test_page_tital_01 : 18 : Opening the browser
%(asctime)s : INFO : Test_OrangeHRM_001 : test_page_tital_01 : 19 : Opening the URL
%(asctime)s : INFO : Test_OrangeHRM_001 : test_page_tital_01 : 21 : Checking for the page title
%(asctime)s : INFO : Test_OrangeHRM_001 : test_page_tital_01 : 23 : taking the screen shoot
%(asctime)s : INFO : Test_OrangeHRM_001 : test_page_tital_01 : 26 : opened page is matched as per requirement
%(asctime)s : INFO : Test_OrangeHRM_001 : test_login_02 : 37 : Opening the web browser
%(asctime)s : INFO : Test_OrangeHRM_001 : test_login_02 : 38 : navigating and opening the given URL
%(asctime)s : INFO : Test_OrangeHRM_001 : test_login_02 : 41 : Entering the username
%(asctime)s : INFO : Test_OrangeHRM_001 : test_login_02 : 43 : Entering the password
%(asctime)s : INFO : Test_OrangeHRM_001 : test_login_02 : 45 : clicking on login button
%(asctime)s : INFO : Test_OrangeHRM_001 : test_login_02 : 47 : Checking for the login status
%(asctime)s : INFO : Test_OrangeHRM_001 : test_login_02 : 49 : Login credential is correct and logged in
%(asctime)s : INFO : Test_OrangeHRM_001 : test_login_02 : 50 : taking the screen shoot
%(asctime)s : INFO : Test_OrangeHRM_001 : test_login_02 : 55 : clicking on logout
%(asctime)s : INFO : Test_SearchEmp : test_searchemp_01 : 16 : Opening the web browser
%(asctime)s : INFO : Test_SearchEmp : test_searchemp_01 : 17 : navigating and opening the given URL
%(asctime)s : INFO : Test_SearchEmp : test_searchemp_01 : 19 : Entering the username
%(asctime)s : INFO : Test_SearchEmp : test_searchemp_01 : 21 : Entering the password
%(asctime)s : INFO : Test_SearchEmp : test_searchemp_01 : 23 : clicking on login button
%(asctime)s : INFO : Test_SearchEmp : test_searchemp_01 : 27 : clicking on PIM
%(asctime)s : INFO : Test_SearchEmp : test_searchemp_01 : 29 : entering empid in text box
%(asctime)s : INFO : Test_HRM_AddEMP_002 : test_placeorder_01 : 16 : Opening the web browser
%(asctime)s : INFO : Test_HRM_AddEMP_002 : test_placeorder_01 : 17 : navigating and opening the given URL
%(asctime)s : INFO : Test_HRM_AddEMP_002 : test_placeorder_01 : 19 : Entering the username
%(asctime)s : INFO : Test_HRM_AddEMP_002 : test_placeorder_01 : 21 : Entering the password
%(asctime)s : INFO : Test_HRM_AddEMP_002 : test_placeorder_01 : 23 : clicking on login button
%(asctime)s : INFO : Test_HRM_AddEMP_002 : test_placeorder_01 : 27 : Clicking on PIM from list
%(asctime)s : INFO : Test_HRM_AddEMP_002 : test_placeorder_01 : 29 : clicking on add button
%(asctime)s : INFO : Test_HRM_AddEMP_002 : test_placeorder_01 : 31 : entering first middle last name in text box
%(asctime)s : INFO : Test_HRM_AddEMP_002 : test_placeorder_01 : 35 : clicking on save button
%(asctime)s : INFO : Test_HRM_AddEMP_002 : test_placeorder_01 : 37 : checking for emp add success
%(asctime)s : INFO : Test_HRM_AddEMP_002 : test_placeorder_01 : 39 : None
%(asctime)s : INFO : Test_HRM_AddEMP_DDT_004 : test_addemp_05 : 18 : Opening the web browser
%(asctime)s : INFO : Test_HRM_AddEMP_DDT_004 : test_addemp_05 : 19 : navigating and opening the given URL
%(asctime)s : INFO : Test_HRM_AddEMP_DDT_004 : test_addemp_05 : 21 : Entering the username
%(asctime)s : INFO : Test_HRM_AddEMP_DDT_004 : test_addemp_05 : 23 : Entering the password
%(asctime)s : INFO : Test_HRM_AddEMP_DDT_004 : test_addemp_05 : 25 : clicking on login button
%(asctime)s : INFO : Test_HRM_AddEMP_DDT_004 : test_addemp_05 : 34 : Clicking on PIM from list
%(asctime)s : INFO : Test_HRM_AddEMP_DDT_004 : test_addemp_05 : 36 : clicking on add button
%(asctime)s : INFO : Test_HRM_AddEMP_DDT_004 : test_addemp_05 : 38 : entering firstname: Akshay middlename: A lastname: Kumar in text box
%(asctime)s : INFO : Test_HRM_AddEMP_DDT_004 : test_addemp_05 : 42 : clicking on save button
%(asctime)s : INFO : Test_OrangeHRM_001 : test_page_tital_01 : 18 : Opening the browser
%(asctime)s : INFO : Test_OrangeHRM_001 : test_page_tital_01 : 19 : Opening the URL
%(asctime)s : INFO : Test_OrangeHRM_001 : test_page_tital_01 : 21 : Checking for the page title
%(asctime)s : INFO : Test_OrangeHRM_001 : test_page_tital_01 : 23 : taking the screen shoot
%(asctime)s : INFO : Test_OrangeHRM_001 : test_page_tital_01 : 26 : opened page is matched as per requirement
%(asctime)s : INFO : Test_OrangeHRM_001 : test_login_02 : 37 : Opening the web browser
%(asctime)s : INFO : Test_OrangeHRM_001 : test_login_02 : 38 : navigating and opening the given URL
%(asctime)s : INFO : Test_OrangeHRM_001 : test_login_02 : 41 : Entering the username
%(asctime)s : INFO : Test_OrangeHRM_001 : test_login_02 : 43 : Entering the password
%(asctime)s : INFO : Test_OrangeHRM_001 : test_login_02 : 45 : clicking on login button
%(asctime)s : INFO : Test_OrangeHRM_001 : test_login_02 : 47 : Checking for the login status
%(asctime)s : INFO : Test_OrangeHRM_001 : test_login_02 : 49 : Login credential is correct and logged in
%(asctime)s : INFO : Test_OrangeHRM_001 : test_login_02 : 50 : taking the screen shoot
%(asctime)s : INFO : Test_OrangeHRM_001 : test_login_02 : 55 : clicking on logout
%(asctime)s : INFO : Test_SearchEmp : test_searchemp_01 : 16 : Opening the web browser
%(asctime)s : INFO : Test_SearchEmp : test_searchemp_01 : 17 : navigating and opening the given URL
%(asctime)s : INFO : Test_SearchEmp : test_searchemp_01 : 19 : Entering the username
%(asctime)s : INFO : Test_SearchEmp : test_searchemp_01 : 21 : Entering the password
%(asctime)s : INFO : Test_SearchEmp : test_searchemp_01 : 23 : clicking on login button
%(asctime)s : INFO : Test_SearchEmp : test_searchemp_01 : 27 : clicking on PIM
%(asctime)s : INFO : Test_SearchEmp : test_searchemp_01 : 29 : entering empid in text box
%(asctime)s : INFO : Test_HRM_AddEMP_002 : test_placeorder_01 : 16 : Opening the web browser
%(asctime)s : INFO : Test_HRM_AddEMP_002 : test_placeorder_01 : 17 : navigating and opening the given URL
%(asctime)s : INFO : Test_HRM_AddEMP_002 : test_placeorder_01 : 19 : Entering the username
%(asctime)s : INFO : Test_HRM_AddEMP_002 : test_placeorder_01 : 21 : Entering the password
%(asctime)s : INFO : Test_HRM_AddEMP_002 : test_placeorder_01 : 23 : clicking on login button
%(asctime)s : INFO : Test_HRM_AddEMP_002 : test_placeorder_01 : 27 : Clicking on PIM from list
%(asctime)s : INFO : Test_HRM_AddEMP_002 : test_placeorder_01 : 29 : clicking on add button
%(asctime)s : INFO : Test_HRM_AddEMP_002 : test_placeorder_01 : 31 : entering first middle last name in text box
%(asctime)s : INFO : Test_HRM_AddEMP_002 : test_placeorder_01 : 35 : clicking on save button
%(asctime)s : INFO : Test_HRM_AddEMP_002 : test_placeorder_01 : 37 : checking for emp add success
%(asctime)s : INFO : Test_HRM_AddEMP_002 : test_placeorder_01 : 39 : None
%(asctime)s : INFO : Test_HRM_AddEMP_DDT_004 : test_addemp_05 : 18 : Opening the web browser
%(asctime)s : INFO : Test_HRM_AddEMP_DDT_004 : test_addemp_05 : 19 : navigating and opening the given URL
%(asctime)s : INFO : Test_HRM_AddEMP_DDT_004 : test_addemp_05 : 21 : Entering the username
%(asctime)s : INFO : Test_HRM_AddEMP_DDT_004 : test_addemp_05 : 23 : Entering the password
%(asctime)s : INFO : Test_HRM_AddEMP_DDT_004 : test_addemp_05 : 25 : clicking on login button
%(asctime)s : INFO : Test_HRM_AddEMP_DDT_004 : test_addemp_05 : 34 : Clicking on PIM from list
%(asctime)s : INFO : Test_HRM_AddEMP_DDT_004 : test_addemp_05 : 36 : clicking on add button
%(asctime)s : INFO : Test_HRM_AddEMP_DDT_004 : test_addemp_05 : 38 : entering firstname: Akshay middlename: A lastname: Kumar in text box
%(asctime)s : INFO : Test_HRM_AddEMP_DDT_004 : test_addemp_05 : 42 : clicking on save button
%(asctime)s : INFO : Test_OrangeHRM_001 : test_page_tital_01 : 18 : Opening the browser
%(asctime)s : INFO : Test_OrangeHRM_001 : test_page_tital_01 : 19 : Opening the URL
%(asctime)s : INFO : Test_OrangeHRM_001 : test_page_tital_01 : 21 : Checking for the page title
%(asctime)s : INFO : Test_OrangeHRM_001 : test_page_tital_01 : 23 : taking the screen shoot
%(asctime)s : INFO : Test_OrangeHRM_001 : test_page_tital_01 : 26 : opened page is matched as per requirement
%(asctime)s : INFO : Test_OrangeHRM_001 : test_login_02 : 37 : Opening the web browser
%(asctime)s : INFO : Test_OrangeHRM_001 : test_login_02 : 38 : navigating and opening the given URL
%(asctime)s : INFO : Test_OrangeHRM_001 : test_login_02 : 41 : Entering the username
%(asctime)s : INFO : Test_OrangeHRM_001 : test_login_02 : 43 : Entering the password
%(asctime)s : INFO : Test_OrangeHRM_001 : test_login_02 : 45 : clicking on login button
%(asctime)s : INFO : Test_OrangeHRM_001 : test_login_02 : 47 : Checking for the login status
%(asctime)s : INFO : Test_OrangeHRM_001 : test_login_02 : 49 : Login credential is correct and logged in
%(asctime)s : INFO : Test_OrangeHRM_001 : test_login_02 : 50 : taking the screen shoot
%(asctime)s : INFO : Test_OrangeHRM_001 : test_login_02 : 55 : clicking on logout
%(asctime)s : INFO : Test_SearchEmp : test_searchemp_01 : 16 : Opening the web browser
%(asctime)s : INFO : Test_SearchEmp : test_searchemp_01 : 17 : navigating and opening the given URL
%(asctime)s : INFO : Test_SearchEmp : test_searchemp_01 : 19 : Entering the username
%(asctime)s : INFO : Test_SearchEmp : test_searchemp_01 : 21 : Entering the password
%(asctime)s : INFO : Test_SearchEmp : test_searchemp_01 : 23 : clicking on login button
%(asctime)s : INFO : Test_SearchEmp : test_searchemp_01 : 27 : clicking on PIM
%(asctime)s : INFO : Test_SearchEmp : test_searchemp_01 : 29 : entering empid in text box
%(asctime)s : INFO : Test_SearchEmp : test_searchemp_01 : 31 : clicking on search button
%(asctime)s : INFO : Test_SearchEmp : test_searchemp_01 : 40 : Testcase test_addEmp_003 is failed
